shared-ui/build/intermediates/manifest_merge_blame_file/debug/processDebugMainManifest/manifest-merger-blame-debug-report.txt
1<?xml version="1.0" encoding="utf-8"?>
2<manifest xmlns:android="http://schemas.android.com/apk/res/android"
3    package="com.github.enteraname74.soulsearching.dev"
4    android:versionCode="32"
5    android:versionName="0.12.2-dev" >
6
7    <uses-sdk
8        android:minSdkVersion="26"
9        android:targetSdkVersion="35" />
10
11    <uses-permission android:name="android.permission.POST_NOTIFICATIONS" />
11-->src/androidMain/AndroidManifest.xml:5:5-77
11-->src/androidMain/AndroidManifest.xml:5:22-74
12    <uses-permission android:name="android.permission.READ_MEDIA_AUDIO" />
12-->src/androidMain/AndroidManifest.xml:6:5-75
12-->src/androidMain/AndroidManifest.xml:6:22-72
13    <uses-permission android:name="android.permission.READ_EXTERNAL_STORAGE" />
13-->src/androidMain/AndroidManifest.xml:7:5-80
13-->src/androidMain/AndroidManifest.xml:7:22-77
14    <uses-permission android:name="android.permission.WRITE_EXTERNAL_STORAGE" />
14-->src/androidMain/AndroidManifest.xml:8:5-81
14-->src/androidMain/AndroidManifest.xml:8:22-78
15    <uses-permission android:name="android.permission.FOREGROUND_SERVICE" />
15-->src/androidMain/AndroidManifest.xml:9:5-77
15-->src/androidMain/AndroidManifest.xml:9:22-74
16    <uses-permission android:name="android.permission.FOREGROUND_SERVICE_MEDIA_PLAYBACK" />
16-->src/androidMain/AndroidManifest.xml:10:5-91
16-->src/androidMain/AndroidManifest.xml:10:22-89
17    <uses-permission android:name="android.permission.INTERNET" />
17-->src/androidMain/AndroidManifest.xml:11:5-66
17-->src/androidMain/AndroidManifest.xml:11:22-64
18
19    <permission
19-->[androidx.core:core:1.15.0] AndroidManifest.xml:22:5-24:47
20        android:name="com.github.enteraname74.soulsearching.dev.DYNAMIC_RECEIVER_NOT_EXPORTED_PERMISSION"
20-->[androidx.core:core:1.15.0] AndroidManifest.xml:23:9-81
21        android:protectionLevel="signature" />
21-->[androidx.core:core:1.15.0] AndroidManifest.xml:24:9-44
22
23    <uses-permission android:name="com.github.enteraname74.soulsearching.dev.DYNAMIC_RECEIVER_NOT_EXPORTED_PERMISSION" />
23-->[androidx.core:core:1.15.0] AndroidManifest.xml:26:5-97
23-->[androidx.core:core:1.15.0] AndroidManifest.xml:26:22-94
24
25    <application
26        android:name="com.github.enteraname74.soulsearching.App"
26-->src/androidMain/AndroidManifest.xml:15:9-65
27        android:allowBackup="true"
27-->src/androidMain/AndroidManifest.xml:16:9-35
28        android:appComponentFactory="androidx.core.app.CoreComponentFactory"
28-->[androidx.core:core:1.15.0] AndroidManifest.xml:28:18-86
29        android:dataExtractionRules="@xml/data_extraction_rules"
29-->src/androidMain/AndroidManifest.xml:17:9-65
30        android:debuggable="true"
31        android:extractNativeLibs="false"
32        android:fullBackupContent="@xml/backup_rules"
32-->src/androidMain/AndroidManifest.xml:18:9-54
33        android:icon="@mipmap/ic_launcher"
33-->src/androidMain/AndroidManifest.xml:19:9-43
34        android:label="SSDDebug"
34-->src/androidMain/AndroidManifest.xml:20:9-35
35        android:largeHeap="true"
35-->src/androidMain/AndroidManifest.xml:21:9-33
36        android:requestLegacyExternalStorage="true"
36-->src/androidMain/AndroidManifest.xml:14:9-52
37        android:supportsRtl="true"
37-->src/androidMain/AndroidManifest.xml:22:9-35
38        android:testOnly="true"
39        android:theme="@style/Theme.SoulSearching" >
39-->src/androidMain/AndroidManifest.xml:23:9-51
40        <service
40-->src/androidMain/AndroidManifest.xml:25:9-30:15
41            android:name="com.github.enteraname74.soulsearching.features.playback.PlayerService"
41-->src/androidMain/AndroidManifest.xml:26:13-97
42            android:enabled="true"
42-->src/androidMain/AndroidManifest.xml:27:13-35
43            android:exported="false"
43-->src/androidMain/AndroidManifest.xml:28:13-37
44            android:foregroundServiceType="mediaPlayback" />
44-->src/androidMain/AndroidManifest.xml:29:13-58
45
46        <receiver
46-->src/androidMain/AndroidManifest.xml:32:9-35:40
47            android:name="com.github.enteraname74.soulsearching.features.playback.notification.receivers.ChangeFavoriteStateNotificationReceiver"
47-->src/androidMain/AndroidManifest.xml:33:13-146
48            android:enabled="true"
48-->src/androidMain/AndroidManifest.xml:34:13-35
49            android:exported="false" />
49-->src/androidMain/AndroidManifest.xml:35:13-37
50        <receiver
50-->src/androidMain/AndroidManifest.xml:36:9-39:40
51            android:name="com.github.enteraname74.soulsearching.features.playback.notification.receivers.DeletedNotificationIntentReceiver"
51-->src/androidMain/AndroidManifest.xml:37:13-140
52            android:enabled="true"
52-->src/androidMain/AndroidManifest.xml:38:13-35
53            android:exported="false" />
53-->src/androidMain/AndroidManifest.xml:39:13-37
54        <receiver
54-->src/androidMain/AndroidManifest.xml:40:9-43:40
55            android:name="com.github.enteraname74.soulsearching.features.playback.notification.receivers.NextMusicNotificationReceiver"
55-->src/androidMain/AndroidManifest.xml:41:13-136
56            android:enabled="true"
56-->src/androidMain/AndroidManifest.xml:42:13-35
57            android:exported="false" />
57-->src/androidMain/AndroidManifest.xml:43:13-37
58        <receiver
58-->src/androidMain/AndroidManifest.xml:44:9-47:40
59            android:name="com.github.enteraname74.soulsearching.features.playback.notification.receivers.PausePlayNotificationReceiver"
59-->src/androidMain/AndroidManifest.xml:45:13-136
60            android:enabled="true"
60-->src/androidMain/AndroidManifest.xml:46:13-35
61            android:exported="false" />
61-->src/androidMain/AndroidManifest.xml:47:13-37
62        <receiver
62-->src/androidMain/AndroidManifest.xml:48:9-51:40
63            android:name="com.github.enteraname74.soulsearching.features.playback.notification.receivers.PreviousMusicNotificationReceiver"
63-->src/androidMain/AndroidManifest.xml:49:13-140
64            android:enabled="true"
64-->src/androidMain/AndroidManifest.xml:50:13-35
65            android:exported="false" />
65-->src/androidMain/AndroidManifest.xml:51:13-37
66
67        <activity
67-->src/androidMain/AndroidManifest.xml:53:9-62:20
68            android:name="com.github.enteraname74.soulsearching.MainActivity"
68-->src/androidMain/AndroidManifest.xml:54:13-78
69            android:exported="true"
69-->src/androidMain/AndroidManifest.xml:55:13-36
70            android:theme="@style/Theme.SoulSearching" >
70-->src/androidMain/AndroidManifest.xml:56:13-55
71            <intent-filter>
71-->src/androidMain/AndroidManifest.xml:57:13-61:29
72                <action android:name="android.intent.action.MAIN" />
72-->src/androidMain/AndroidManifest.xml:58:17-69
72-->src/androidMain/AndroidManifest.xml:58:25-66
73
74                <category android:name="android.intent.category.LAUNCHER" />
74-->src/androidMain/AndroidManifest.xml:60:17-77
74-->src/androidMain/AndroidManifest.xml:60:27-74
75            </intent-filter>
76        </activity>
77
78        <provider
78-->[org.jetbrains.compose.components:components-resources-android:1.7.3] AndroidManifest.xml:8:9-13:20
79            android:name="org.jetbrains.compose.resources.AndroidContextProvider"
79-->[org.jetbrains.compose.components:components-resources-android:1.7.3] AndroidManifest.xml:9:13-82
80            android:authorities="com.github.enteraname74.soulsearching.dev.resources.AndroidContextProvider"
80-->[org.jetbrains.compose.components:components-resources-android:1.7.3] AndroidManifest.xml:10:13-84
81            android:enabled="true"
81-->[org.jetbrains.compose.components:components-resources-android:1.7.3] AndroidManifest.xml:11:13-35
82            android:exported="false" >
82-->[org.jetbrains.compose.components:components-resources-android:1.7.3] AndroidManifest.xml:12:13-37
83        </provider>
84        <provider
84-->[androidx.emoji2:emoji2:1.3.0] AndroidManifest.xml:24:9-32:20
85            android:name="androidx.startup.InitializationProvider"
85-->[androidx.emoji2:emoji2:1.3.0] AndroidManifest.xml:25:13-67
86            android:authorities="com.github.enteraname74.soulsearching.dev.androidx-startup"
86-->[androidx.emoji2:emoji2:1.3.0] AndroidManifest.xml:26:13-68
87            android:exported="false" >
87-->[androidx.emoji2:emoji2:1.3.0] AndroidManifest.xml:27:13-37
88            <meta-data
88-->[androidx.emoji2:emoji2:1.3.0] AndroidManifest.xml:29:13-31:52
89                android:name="androidx.emoji2.text.EmojiCompatInitializer"
89-->[androidx.emoji2:emoji2:1.3.0] AndroidManifest.xml:30:17-75
90                android:value="androidx.startup" />
90-->[androidx.emoji2:emoji2:1.3.0] AndroidManifest.xml:31:17-49
91            <meta-data
91-->[androidx.lifecycle:lifecycle-process:2.8.7] AndroidManifest.xml:29:13-31:52
92                android:name="androidx.lifecycle.ProcessLifecycleInitializer"
92-->[androidx.lifecycle:lifecycle-process:2.8.7] AndroidManifest.xml:30:17-78
93                android:value="androidx.startup" />
93-->[androidx.lifecycle:lifecycle-process:2.8.7] AndroidManifest.xml:31:17-49
94            <meta-data
94-->[androidx.profileinstaller:profileinstaller:1.4.1] AndroidManifest.xml:29:13-31:52
95                android:name="androidx.profileinstaller.ProfileInstallerInitializer"
95-->[androidx.profileinstaller:profileinstaller:1.4.1] AndroidManifest.xml:30:17-85
96                android:value="androidx.startup" />
96-->[androidx.profileinstaller:profileinstaller:1.4.1] AndroidManifest.xml:31:17-49
97        </provider>
98
99        <service
99-->[androidx.room:room-runtime:2.6.1] AndroidManifest.xml:24:9-28:63
100            android:name="androidx.room.MultiInstanceInvalidationService"
100-->[androidx.room:room-runtime:2.6.1] AndroidManifest.xml:25:13-74
101            android:directBootAware="true"
101-->[androidx.room:room-runtime:2.6.1] AndroidManifest.xml:26:13-43
102            android:exported="false" />
102-->[androidx.room:room-runtime:2.6.1] AndroidManifest.xml:27:13-37
103
104        <receiver
104-->[androidx.profileinstaller:profileinstaller:1.4.1] AndroidManifest.xml:34:9-52:20
105            android:name="androidx.profileinstaller.ProfileInstallReceiver"
105-->[androidx.profileinstaller:profileinstaller:1.4.1] AndroidManifest.xml:35:13-76
106            android:directBootAware="false"
106-->[androidx.profileinstaller:profileinstaller:1.4.1] AndroidManifest.xml:36:13-44
107            android:enabled="true"
107-->[androidx.profileinstaller:profileinstaller:1.4.1] AndroidManifest.xml:37:13-35
108            android:exported="true"
108-->[androidx.profileinstaller:profileinstaller:1.4.1] AndroidManifest.xml:38:13-36
109            android:permission="android.permission.DUMP" >
109-->[androidx.profileinstaller:profileinstaller:1.4.1] AndroidManifest.xml:39:13-57
110            <intent-filter>
110-->[androidx.profileinstaller:profileinstaller:1.4.1] AndroidManifest.xml:40:13-42:29
111                <action android:name="androidx.profileinstaller.action.INSTALL_PROFILE" />
111-->[androidx.profileinstaller:profileinstaller:1.4.1] AndroidManifest.xml:41:17-91
111-->[androidx.profileinstaller:profileinstaller:1.4.1] AndroidManifest.xml:41:25-88
112            </intent-filter>
113            <intent-filter>
113-->[androidx.profileinstaller:profileinstaller:1.4.1] AndroidManifest.xml:43:13-45:29
114                <action android:name="androidx.profileinstaller.action.SKIP_FILE" />
114-->[androidx.profileinstaller:profileinstaller:1.4.1] AndroidManifest.xml:44:17-85
114-->[androidx.profileinstaller:profileinstaller:1.4.1] AndroidManifest.xml:44:25-82
115            </intent-filter>
116            <intent-filter>
116-->[androidx.profileinstaller:profileinstaller:1.4.1] AndroidManifest.xml:46:13-48:29
117                <action android:name="androidx.profileinstaller.action.SAVE_PROFILE" />
117-->[androidx.profileinstaller:profileinstaller:1.4.1] AndroidManifest.xml:47:17-88
117-->[androidx.profileinstaller:profileinstaller:1.4.1] AndroidManifest.xml:47:25-85
118            </intent-filter>
119            <intent-filter>
119-->[androidx.profileinstaller:profileinstaller:1.4.1] AndroidManifest.xml:49:13-51:29
120                <action android:name="androidx.profileinstaller.action.BENCHMARK_OPERATION" />
120-->[androidx.profileinstaller:profileinstaller:1.4.1] AndroidManifest.xml:50:17-95
120-->[androidx.profileinstaller:profileinstaller:1.4.1] AndroidManifest.xml:50:25-92
121            </intent-filter>
122        </receiver>
123    </application>
124
125</manifest>